<?xml version="1.0" encoding="UTF-8"?>
<testng-results ignored="0" total="1" passed="1" failed="0" skipped="0">
  <reporter-output>
  </reporter-output>
  <suite started-at="2024-04-16T16:17:23 IST" name="Suite" finished-at="2024-04-16T16:17:53 IST" duration-ms="30319">
    <groups>
    </groups>
    <test started-at="2024-04-16T16:17:23 IST" name="LoginTest" finished-at="2024-04-16T16:17:53 IST" duration-ms="30319">
      <class name="com.amazon.test.LoginPageTest">
        <test-method is-config="true" signature="loadConfig()[pri:0, instance:com.amazon.test.LoginPageTest@6c6cb480]" started-at="2024-04-16T16:17:23 IST" name="loadConfig" finished-at="2024-04-16T16:17:23 IST" duration-ms="11" status="PASS">
          <reporter-output>
          </reporter-output>
        </test-method> <!-- loadConfig -->
        <test-method is-config="true" signature="setup()[pri:0, instance:com.amazon.test.LoginPageTest@6c6cb480]" started-at="2024-04-16T16:17:23 IST" name="setup" finished-at="2024-04-16T16:17:48 IST" duration-ms="25473" status="PASS">
          <reporter-output>
          </reporter-output>
        </test-method> <!-- setup -->
        <test-method signature="loginTest()[pri:0, instance:com.amazon.test.LoginPageTest@6c6cb480]" started-at="2024-04-16T16:17:48 IST" name="loginTest" finished-at="2024-04-16T16:17:52 IST" duration-ms="4081" status="PASS">
          <reporter-output>
          </reporter-output>
        </test-method> <!-- loginTest -->
        <test-method is-config="true" signature="tearDown()[pri:0, instance:com.amazon.test.LoginPageTest@6c6cb480]" started-at="2024-04-16T16:17:52 IST" name="tearDown" finished-at="2024-04-16T16:17:53 IST" duration-ms="718" status="PASS">
          <reporter-output>
          </reporter-output>
        </test-method> <!-- tearDown -->
      </class> <!-- com.amazon.test.LoginPageTest -->
    </test> <!-- LoginTest -->
  </suite> <!-- Suite -->
</testng-results>
